<?xml version="1.0" encoding="UTF-8"?>
<!-- Generated by org.testng.reporters.JUnitReportReporter -->
<testsuite hostname="ramkrishnas-mbp.lan" failures="0" tests="1" name="com.salesforce.automationtests.LoginTests" time="9.013" errors="0" timestamp="2024-02-19T23:36:47 CST" skipped="0">
  <testcase classname="com.salesforce.automationtests.LoginTests" name="errorMessageLoginTC1" time="9.013"/>
  <system-out/>
</testsuite> <!-- com.salesforce.automationtests.LoginTests -->
